<?xml version="1.0" encoding="UTF-8"?>
<beans xmlns="http://www.springframework.org/schema/beans"
	xmlns:xsi="http://www.w3.org/2001/XMLSchema-instance" xmlns:p="http://www.springframework.org/schema/p"
	xmlns:context="http://www.springframework.org/schema/context" xmlns:tx="http://www.springframework.org/schema/tx"
	xmlns:util="http://www.springframework.org/schema/util"
	xmlns:jdbc="http://www.springframework.org/schema/jdbc"
	xsi:schemaLocation="http://www.springframework.org/schema/beans
       					http://www.springframework.org/schema/beans/spring-beans.xsd       					  
						http://www.springframework.org/schema/context
       					http://www.springframework.org/schema/context/spring-context.xsd
       					http://www.springframework.org/schema/tx
       					http://www.springframework.org/schema/tx/spring-tx.xsd
       					http://www.springframework.org/schema/jdbc
    					http://www.springframework.org/schema/jdbc/spring-jdbc.xsd
       					http://www.springframework.org/schema/util
       					http://www.springframework.org/schema/util/spring-util.xsd">



	<jdbc:embedded-database id="dataSource" type="HSQL" />

	<bean id="sessionFactory"
		class="org.springframework.orm.hibernate5.LocalSessionFactoryBean"
		p:data-source-ref="dataSource" p:annotated-classes-ref="hibernateAnnotatedClassList"
		p:hibernate-properties-ref="hibernateProperties" />

	<util:properties id="hibernateProperties">
		<prop key="hibernate.dialect">${hibernate.dialect}</prop>
		<prop key="hibernate.show_sql">${hibernate.show_sql}</prop>
		<prop key="hibernate.hbm2ddl.auto">${hibernate.hbm2ddl_auto}</prop>
		<prop key="hibernate.hbm2ddl.import_files">${hibernate.import_files}</prop>
	</util:properties>

	<util:list id="hibernateAnnotatedClassList">
		<value>me.senel.demo.model.User</value>
	</util:list>

	<bean id="txManager"
		class="org.springframework.orm.hibernate4.HibernateTransactionManager"
		p:session-factory-ref="sessionFactory" />

	<tx:annotation-driven transaction-manager="txManager" />

</beans>